<?xml version="1.0" encoding="UTF-8"?>
<!-- Generated by org.testng.reporters.JUnitXMLReporter -->
<testsuite ignored="0" hostname="SSPL-LPTP-374" failures="0" tests="10" name="Test" time="31.881" errors="0" timestamp="2025-05-15T18:14:01 IST">
  <testcase classname="testlib.program.TC01ProgramTestCases" name="creatNewCourse" time="1.591"/>
  <testcase classname="testlib.program.TC01ProgramTestCases" name="creatNewProgram" time="0.53"/>
  <testcase classname="testlib.program.TC01ProgramTestCases" name="programSearch" time="0.733"/>
  <testcase classname="testlib.program.TC01ProgramTestCases" name="creatNewProgramBatch" time="0.306"/>
  <testcase classname="testlib.program.TC01ProgramTestCases" name="creatSeatcType" time="0.203"/>
  <testcase classname="testlib.program.TC01ProgramTestCases" name="creatPeriod" time="0.28"/>
  <testcase classname="testlib.program.TC01ProgramTestCases" name="courseCreationwithBatch" time="0.192"/>
  <testcase classname="testlib.admissions.TC01Login" name="validateLogin" time="7.891"/>
  <testcase classname="testlib.admissions.TC01Login" name="validateLogin" time="0.001"/>
  <testcase classname="testlib.program.TC02SeachProgramAndParameterized" name="searchProgram" time="20.069"/>
</testsuite> <!-- Test -->
