<?xml version="1.0" encoding="UTF-8"?>
<!-- Generated by org.testng.reporters.JUnitXMLReporter -->
<testsuite ignored="0" hostname="SSPL-LPTP-374" failures="1" tests="2" name="Test" time="4.727" errors="0" timestamp="2025-05-15T14:19:32 IST">
  <testcase classname="testlib.admissions.TC01Login" name="validateLogin" time="0.097">
    <failure type="java.lang.NullPointerException" message="Cannot invoke &amp;quot;org.openqa.selenium.WebDriver.findElement(org.openqa.selenium.By)&amp;quot; because &amp;quot;driver&amp;quot; is null">
      <![CDATA[java.lang.NullPointerException: Cannot invoke "org.openqa.selenium.WebDriver.findElement(org.openqa.selenium.By)" because "driver" is null
at org.openqa.selenium.support.ui.ExpectedConditions$7.apply(ExpectedConditions.java:194)
at org.openqa.selenium.support.ui.ExpectedConditions$7.apply(ExpectedConditions.java:190)
at org.openqa.selenium.support.ui.FluentWait.until(FluentWait.java:203)
at CoreLib.SeleniumUtil.SeleniumActions.getElement(SeleniumActions.java:59)
at AppLib.pagelib.LoginPage.enterCredentials(LoginPage.java:15)
at testlib.admissions.TC01Login.validateLogin(TC01Login.java:30)
at java.base/java.util.ArrayList.forEach(ArrayList.java:1511)
... Removed 27 stack frames]]>
    </failure>
  </testcase> <!-- validateLogin -->
  <testcase classname="testlib.admissions.TC01Login" name="validateLogin" time="0.001"/>
</testsuite> <!-- Test -->
