<?xml version="1.0" encoding="UTF-8"?>
<testng-results ignored="0" total="2" passed="2" failed="0" skipped="0">
  <reporter-output>
  </reporter-output>
  <suite started-at="2025-05-15T14:29:13 IST" name="Default suite" finished-at="2025-05-15T14:29:13 IST" duration-ms="126">
    <groups>
    </groups>
    <test started-at="2025-05-15T14:29:13 IST" name="Default test" finished-at="2025-05-15T14:29:13 IST" duration-ms="126">
      <class name="testlib.admissions.TC01Login">
        <test-method is-config="true" signature="setup()[pri:0, instance:testlib.admissions.TC01Login@5f049ea1]" started-at="2025-05-15T14:29:09 IST" name="setup" finished-at="2025-05-15T14:29:13 IST" duration-ms="4516" status="PASS">
          <reporter-output>
          </reporter-output>
        </test-method> <!-- setup -->
        <test-method signature="validateLogin(java.lang.String,java.lang.String,java.lang.String)[pri:0, instance:testlib.admissions.TC01Login@5f049ea1]" started-at="2025-05-15T14:29:13 IST" name="validateLogin" data-provider="readDataFromExcel" finished-at="2025-05-15T14:29:13 IST" duration-ms="8" status="PASS">
          <params>
            <param index="0">
              <value>
                <![CDATA[https://regression.academiaerp.com/]]>
              </value>
            </param>
            <param index="1">
              <value>
                <![CDATA[sysadmin]]>
              </value>
            </param>
            <param index="2">
              <value>
                <![CDATA[password]]>
              </value>
            </param>
          </params>
          <reporter-output>
          </reporter-output>
        </test-method> <!-- validateLogin -->
        <test-method signature="validateLogin(java.lang.String,java.lang.String,java.lang.String)[pri:0, instance:testlib.admissions.TC01Login@5f049ea1]" started-at="2025-05-15T14:29:13 IST" name="validateLogin" data-provider="readDataFromExcel" finished-at="2025-05-15T14:29:13 IST" duration-ms="4" status="PASS">
          <params>
            <param index="0">
              <value>
                <![CDATA[]]>
              </value>
            </param>
            <param index="1">
              <value>
                <![CDATA[]]>
              </value>
            </param>
            <param index="2">
              <value>
                <![CDATA[]]>
              </value>
            </param>
          </params>
          <reporter-output>
          </reporter-output>
        </test-method> <!-- validateLogin -->
      </class> <!-- testlib.admissions.TC01Login -->
    </test> <!-- Default test -->
  </suite> <!-- Default suite -->
</testng-results>
